#
# There is insufficient memory for the Java Runtime Environment to continue.
# Native memory allocation (malloc) failed to allocate 3030736 bytes for Chunk::new
# Possible reasons:
#   The system is out of physical RAM or swap space
#   The process is running with CompressedOops enabled, and the Java Heap may be blocking the growth of the native heap
# Possible solutions:
#   Reduce memory load on the system
#   Increase physical memory or swap space
#   Check if swap backing store is full
#   Decrease Java heap size (-Xmx/-Xms)
#   Decrease number of Java threads
#   Decrease Java thread stack sizes (-Xss)
#   Set larger code cache with -XX:ReservedCodeCacheSize=
#   JVM is running with Zero Based Compressed Oops mode in which the Java heap is
#     placed in the first 32GB address space. The Java Heap base address is the
#     maximum limit for the native heap growth. Please use -XX:HeapBaseMinAddress
#     to set the Java Heap base and to place the Java Heap above 32GB virtual address.
# This output file may be truncated or incomplete.
#
#  Out of Memory Error (t:/workspace/open/src/hotspot/share/memory/arena.cpp:197), pid=23740, tid=19020
#
# JRE version: OpenJDK Runtime Environment (11.0.1+13) (build 11.0.1+13)
# Java VM: OpenJDK 64-Bit Server VM (11.0.1+13, mixed mode, tiered, compressed oops, g1 gc, windows-amd64)
# No core dump will be written. Minidumps are not enabled by default on client versions of Windows
#

---------------  S U M M A R Y ------------

Command Line: -agentlib:jdwp=transport=dt_socket,address=127.0.0.1:59379,suspend=y,server=n -javaagent:D:\Users\Denner\.IdeaIC2019.3\system\captureAgent\debugger-agent.jar -Dfile.encoding=UTF-8 br.com.incidentes.IncidentesApiJavaApplication

Host: Intel(R) Core(TM) i7-7700T CPU @ 2.90GHz, 8 cores, 15G,  Windows 10 , 64 bit Build 18362 (10.0.18362.329)
Time: Wed Jan  8 16:01:54 2020 Hora oficial do Brasil elapsed time: 6 seconds (0d 0h 0m 6s)

---------------  T H R E A D  ---------------

Current thread (0x0000020884d8a800):  JavaThread "C2 CompilerThread0" daemon [_thread_in_native, id=19020, stack(0x000000e48de00000,0x000000e48df00000)]


Current CompileTask:
C2:   6529 4555       4       org.springframework.core.annotation.TypeMappedAnnotations$MergedAnnotationFinder::doWithAnnotations (75 bytes)

Stack: [0x000000e48de00000,0x000000e48df00000]
Native frames: (J=compiled Java code, j=interpreted, Vv=VM code, C=native code)
V  [jvm.dll+0x63ad9a]
V  [jvm.dll+0x77851f]
V  [jvm.dll+0x779b08]
V  [jvm.dll+0x77a1c3]
V  [jvm.dll+0x2624c8]
V  [jvm.dll+0xc5b61]
V  [jvm.dll+0xc60fc]
V  [jvm.dll+0x36e5f2]
V  [jvm.dll+0x1ad66f]
V  [jvm.dll+0x21c472]
V  [jvm.dll+0x21b50a]
V  [jvm.dll+0x198400]
V  [jvm.dll+0x22a4ff]
V  [jvm.dll+0x228b18]
V  [jvm.dll+0x73dc2d]
V  [jvm.dll+0x639e32]
C  [ucrtbase.dll+0x20e72]
C  [KERNEL32.DLL+0x17bd4]
C  [ntdll.dll+0x6ced1]


---------------  P R O C E S S  ---------------

Threads class SMR info:
_java_thread_list=0x000002088d5fe8b0, length=20, elements={
0x00000208e031a800, 0x00000208844c9000, 0x0000020884d7b000, 0x0000020884d88000,
0x0000020884d89000, 0x0000020884d8a800, 0x0000020884d91800, 0x0000020884de7000,
0x0000020884482000, 0x000002088528d000, 0x0000020885027800, 0x0000020885028000,
0x0000020885254800, 0x000002088501a000, 0x00000208850cc000, 0x000002088aa2f800,
0x0000020889954000, 0x000002088a75a000, 0x000002088a843800, 0x0000020887d4c000
}

Java Threads: ( => current thread )
  0x00000208e031a800 JavaThread "main" [_thread_in_vm, id=15008, stack(0x000000e48d300000,0x000000e48d400000)]
  0x00000208844c9000 JavaThread "Reference Handler" daemon [_thread_blocked, id=17108, stack(0x000000e48da00000,0x000000e48db00000)]
  0x0000020884d7b000 JavaThread "Finalizer" daemon [_thread_blocked, id=23256, stack(0x000000e48db00000,0x000000e48dc00000)]
  0x0000020884d88000 JavaThread "Signal Dispatcher" daemon [_thread_blocked, id=24340, stack(0x000000e48dc00000,0x000000e48dd00000)]
  0x0000020884d89000 JavaThread "Attach Listener" daemon [_thread_blocked, id=10916, stack(0x000000e48dd00000,0x000000e48de00000)]
=>0x0000020884d8a800 JavaThread "C2 CompilerThread0" daemon [_thread_in_native, id=19020, stack(0x000000e48de00000,0x000000e48df00000)]
  0x0000020884d91800 JavaThread "C1 CompilerThread0" daemon [_thread_blocked, id=10568, stack(0x000000e48df00000,0x000000e48e000000)]
  0x0000020884de7000 JavaThread "Sweeper thread" daemon [_thread_blocked, id=10224, stack(0x000000e48e000000,0x000000e48e100000)]
  0x0000020884482000 JavaThread "Common-Cleaner" daemon [_thread_blocked, id=20420, stack(0x000000e48e100000,0x000000e48e200000)]
  0x000002088528d000 JavaThread "JDWP Transport Listener: dt_socket" daemon [_thread_blocked, id=7764, stack(0x000000e48e200000,0x000000e48e300000)]
  0x0000020885027800 JavaThread "JDWP Event Helper Thread" daemon [_thread_blocked, id=2756, stack(0x000000e48e300000,0x000000e48e400000)]
  0x0000020885028000 JavaThread "JDWP Command Reader" daemon [_thread_in_native, id=24844, stack(0x000000e48e400000,0x000000e48e500000)]
  0x0000020885254800 JavaThread "C2 CompilerThread1" daemon [_thread_in_native, id=16260, stack(0x000000e48e500000,0x000000e48e600000)]
  0x000002088501a000 JavaThread "C2 CompilerThread2" daemon [_thread_in_native, id=10264, stack(0x000000e48e600000,0x000000e48e700000)]
  0x00000208850cc000 JavaThread "Service Thread" daemon [_thread_blocked, id=6672, stack(0x000000e48e700000,0x000000e48e800000)]
  0x000002088aa2f800 JavaThread "HikariPool-1 housekeeper" daemon [_thread_blocked, id=6456, stack(0x000000e48e900000,0x000000e48ea00000)]
  0x0000020889954000 JavaThread "Catalina-utility-1" [_thread_blocked, id=21012, stack(0x000000e48f000000,0x000000e48f100000)]
  0x000002088a75a000 JavaThread "Catalina-utility-2" [_thread_blocked, id=17356, stack(0x000000e48f100000,0x000000e48f200000)]
  0x000002088a843800 JavaThread "container-0" [_thread_blocked, id=22012, stack(0x000000e48f200000,0x000000e48f300000)]
  0x0000020887d4c000 JavaThread "HikariPool-1 connection adder" daemon [_thread_blocked, id=21140, stack(0x000000e48f300000,0x000000e48f400000)]

Other Threads:
  0x00000208844c5800 VMThread "VM Thread" [stack: 0x000000e48d900000,0x000000e48da00000] [id=24600]
  0x000002088560f000 WatcherThread [stack: 0x000000e48e800000,0x000000e48e900000] [id=2508]
  0x00000208e0333800 GCTaskThread "GC Thread#0" [stack: 0x000000e48d400000,0x000000e48d500000] [id=3880]
  0x0000020885e13000 GCTaskThread "GC Thread#1" [stack: 0x000000e48ea00000,0x000000e48eb00000] [id=5460]
  0x0000020885e13800 GCTaskThread "GC Thread#2" [stack: 0x000000e48eb00000,0x000000e48ec00000] [id=11856]
  0x0000020885e14800 GCTaskThread "GC Thread#3" [stack: 0x000000e48ec00000,0x000000e48ed00000] [id=21456]
  0x0000020885e9a800 GCTaskThread "GC Thread#4" [stack: 0x000000e48ed00000,0x000000e48ee00000] [id=19352]
  0x0000020885e9b000 GCTaskThread "GC Thread#5" [stack: 0x000000e48ee00000,0x000000e48ef00000] [id=24756]
  0x0000020895a73000 GCTaskThread "GC Thread#6" [stack: 0x000000e48f400000,0x000000e48f500000] [id=16632]
  0x0000020888225000 GCTaskThread "GC Thread#7" [stack: 0x000000e48f500000,0x000000e48f600000] [id=7640]
  0x00000208e0392000 ConcurrentGCThread "G1 Main Marker" [stack: 0x000000e48d500000,0x000000e48d600000] [id=11448]
  0x00000208e0393800 ConcurrentGCThread "G1 Conc#0" [stack: 0x000000e48d600000,0x000000e48d700000] [id=11892]
  0x00000208861b6000 ConcurrentGCThread "G1 Conc#1" [stack: 0x000000e48ef00000,0x000000e48f000000] [id=24780]
  0x00000208843ae800 ConcurrentGCThread "G1 Refine#0" [stack: 0x000000e48d700000,0x000000e48d800000] [id=24564]
  0x00000208843af800 ConcurrentGCThread "G1 Young RemSet Sampling" [stack: 0x000000e48d800000,0x000000e48d900000] [id=15804]

Threads with active compile tasks:
C2 CompilerThread04555       4       org.springframework.core.annotation.TypeMappedAnnotations$MergedAnnotationFinder::doWithAnnotations (75 bytes)
C2 CompilerThread14584       4       org.springframework.core.annotation.AnnotationsScanner::processMethodHierarchy (274 bytes)
C2 CompilerThread24751       4       org.springframework.core.ResolvableType::forType (115 bytes)

VM state:not at safepoint (normal execution)

VM Mutex/Monitor currently owned by a thread: None

Heap address: 0x0000000701a00000, size: 4070 MB, Compressed Oops mode: Zero based, Oop shift amount: 3
Narrow klass base: 0x0000000800000000, Narrow klass shift: 0
Compressed class space size: 1073741824 Address: 0x0000000800000000

Heap:
 garbage-first heap   total 315392K, used 43149K [0x0000000701a00000, 0x0000000800000000)
  region size 1024K, 36 young (36864K), 12 survivors (12288K)
 Metaspace       used 60061K, capacity 61350K, committed 61484K, reserved 1103872K
  class space    used 7574K, capacity 8059K, committed 8064K, reserved 1048576K
Heap Regions: E=young(eden), S=young(survivor), O=old, HS=humongous(starts), HC=humongous(continues), CS=collection set, F=free, A=archive, TAMS=top-at-mark-start (previous, next)
|   0|0x0000000701a00000, 0x0000000701b00000, 0x0000000701b00000|100%|HS|  |TAMS 0x0000000701b00000, 0x0000000701a00000| Complete 
|   1|0x0000000701b00000, 0x0000000701c00000, 0x0000000701c00000|100%| O|  |TAMS 0x0000000701c00000, 0x0000000701b00000| Untracked 
|   2|0x0000000701c00000, 0x0000000701d00000, 0x0000000701d00000|100%| O|  |TAMS 0x0000000701d00000, 0x0000000701c00000| Untracked 
|   3|0x0000000701d00000, 0x0000000701e00000, 0x0000000701e00000|100%| O|  |TAMS 0x0000000701e00000, 0x0000000701d00000| Untracked 
|   4|0x0000000701e00000, 0x0000000701f00000, 0x0000000701f00000|100%| O|  |TAMS 0x0000000701f00000, 0x0000000701e00000| Untracked 
|   5|0x0000000701f00000, 0x0000000702000000, 0x0000000702000000|100%| O|  |TAMS 0x0000000702000000, 0x0000000701f00000| Untracked 
|   6|0x0000000702000000, 0x00000007020ffff8, 0x0000000702100000| 99%| O|  |TAMS 0x00000007020ffff8, 0x0000000702000000| Untracked 
|   7|0x0000000702100000, 0x00000007021e7200, 0x0000000702200000| 90%| O|  |TAMS 0x00000007021e7200, 0x0000000702100000| Untracked 
|   8|0x0000000702200000, 0x0000000702200000, 0x0000000702300000|  0%| F|  |TAMS 0x0000000702200000, 0x0000000702200000| Untracked 
|   9|0x0000000702300000, 0x0000000702300000, 0x0000000702400000|  0%| F|  |TAMS 0x0000000702300000, 0x0000000702300000| Untracked 
|  10|0x0000000702400000, 0x0000000702400000, 0x0000000702500000|  0%| F|  |TAMS 0x0000000702400000, 0x0000000702400000| Untracked 
|  11|0x0000000702500000, 0x0000000702500000, 0x0000000702600000|  0%| F|  |TAMS 0x0000000702500000, 0x0000000702500000| Untracked 
|  12|0x0000000702600000, 0x0000000702600000, 0x0000000702700000|  0%| F|  |TAMS 0x0000000702600000, 0x0000000702600000| Untracked 
|  13|0x0000000702700000, 0x0000000702700000, 0x0000000702800000|  0%| F|  |TAMS 0x0000000702700000, 0x0000000702700000| Untracked 
|  14|0x0000000702800000, 0x0000000702800000, 0x0000000702900000|  0%| F|  |TAMS 0x0000000702800000, 0x0000000702800000| Untracked 
|  15|0x0000000702900000, 0x0000000702900000, 0x0000000702a00000|  0%| F|  |TAMS 0x0000000702900000, 0x0000000702900000| Untracked 
|  16|0x0000000702a00000, 0x0000000702a00000, 0x0000000702b00000|  0%| F|  |TAMS 0x0000000702a00000, 0x0000000702a00000| Untracked 
|  17|0x0000000702b00000, 0x0000000702b00000, 0x0000000702c00000|  0%| F|  |TAMS 0x0000000702b00000, 0x0000000702b00000| Untracked 
|  18|0x0000000702c00000, 0x0000000702c00000, 0x0000000702d00000|  0%| F|  |TAMS 0x0000000702c00000, 0x0000000702c00000| Untracked 
|  19|0x0000000702d00000, 0x0000000702d00000, 0x0000000702e00000|  0%| F|  |TAMS 0x0000000702d00000, 0x0000000702d00000| Untracked 
|  20|0x0000000702e00000, 0x0000000702e00000, 0x0000000702f00000|  0%| F|  |TAMS 0x0000000702e00000, 0x0000000702e00000| Untracked 
|  21|0x0000000702f00000, 0x0000000702f00000, 0x0000000703000000|  0%| F|  |TAMS 0x0000000702f00000, 0x0000000702f00000| Untracked 
|  22|0x0000000703000000, 0x0000000703000000, 0x0000000703100000|  0%| F|  |TAMS 0x0000000703000000, 0x0000000703000000| Untracked 
|  23|0x0000000703100000, 0x0000000703100000, 0x0000000703200000|  0%| F|  |TAMS 0x0000000703100000, 0x0000000703100000| Untracked 
|  24|0x0000000703200000, 0x0000000703200000, 0x0000000703300000|  0%| F|  |TAMS 0x0000000703200000, 0x0000000703200000| Untracked 
|  25|0x0000000703300000, 0x0000000703300000, 0x0000000703400000|  0%| F|  |TAMS 0x0000000703300000, 0x0000000703300000| Untracked 
|  26|0x0000000703400000, 0x0000000703400000, 0x0000000703500000|  0%| F|  |TAMS 0x0000000703400000, 0x0000000703400000| Untracked 
|  27|0x0000000703500000, 0x0000000703500000, 0x0000000703600000|  0%| F|  |TAMS 0x0000000703500000, 0x0000000703500000| Untracked 
|  28|0x0000000703600000, 0x0000000703600000, 0x0000000703700000|  0%| F|  |TAMS 0x0000000703600000, 0x0000000703600000| Untracked 
|  29|0x0000000703700000, 0x0000000703700000, 0x0000000703800000|  0%| F|  |TAMS 0x0000000703700000, 0x0000000703700000| Untracked 
|  30|0x0000000703800000, 0x0000000703800000, 0x0000000703900000|  0%| F|  |TAMS 0x0000000703800000, 0x0000000703800000| Untracked 
|  31|0x0000000703900000, 0x0000000703900000, 0x0000000703a00000|  0%| F|  |TAMS 0x0000000703900000, 0x0000000703900000| Untracked 
|  32|0x0000000703a00000, 0x0000000703a00000, 0x0000000703b00000|  0%| F|  |TAMS 0x0000000703a00000, 0x0000000703a00000| Untracked 
|  33|0x0000000703b00000, 0x0000000703b00000, 0x0000000703c00000|  0%| F|  |TAMS 0x0000000703b00000, 0x0000000703b00000| Untracked 
|  34|0x0000000703c00000, 0x0000000703c00000, 0x0000000703d00000|  0%| F|  |TAMS 0x0000000703c00000, 0x0000000703c00000| Untracked 
|  35|0x0000000703d00000, 0x0000000703d00000, 0x0000000703e00000|  0%| F|  |TAMS 0x0000000703d00000, 0x0000000703d00000| Untracked 
|  36|0x0000000703e00000, 0x0000000703e00000, 0x0000000703f00000|  0%| F|  |TAMS 0x0000000703e00000, 0x0000000703e00000| Untracked 
|  37|0x0000000703f00000, 0x0000000703f00000, 0x0000000704000000|  0%| F|  |TAMS 0x0000000703f00000, 0x0000000703f00000| Untracked 
|  38|0x0000000704000000, 0x0000000704000000, 0x0000000704100000|  0%| F|  |TAMS 0x0000000704000000, 0x0000000704000000| Untracked 
|  39|0x0000000704100000, 0x0000000704100000, 0x0000000704200000|  0%| F|  |TAMS 0x0000000704100000, 0x0000000704100000| Untracked 
|  40|0x0000000704200000, 0x0000000704200000, 0x0000000704300000|  0%| F|  |TAMS 0x0000000704200000, 0x0000000704200000| Untracked 
|  41|0x0000000704300000, 0x0000000704300000, 0x0000000704400000|  0%| F|  |TAMS 0x0000000704300000, 0x0000000704300000| Untracked 
|  42|0x0000000704400000, 0x0000000704400000, 0x0000000704500000|  0%| F|  |TAMS 0x0000000704400000, 0x0000000704400000| Untracked 
|  43|0x0000000704500000, 0x0000000704500000, 0x0000000704600000|  0%| F|  |TAMS 0x0000000704500000, 0x0000000704500000| Untracked 
|  44|0x0000000704600000, 0x0000000704600000, 0x0000000704700000|  0%| F|  |TAMS 0x0000000704600000, 0x0000000704600000| Untracked 
|  45|0x0000000704700000, 0x0000000704700000, 0x0000000704800000|  0%| F|  |TAMS 0x0000000704700000, 0x0000000704700000| Untracked 
|  46|0x0000000704800000, 0x0000000704800000, 0x0000000704900000|  0%| F|  |TAMS 0x0000000704800000, 0x0000000704800000| Untracked 
|  47|0x0000000704900000, 0x0000000704900000, 0x0000000704a00000|  0%| F|  |TAMS 0x0000000704900000, 0x0000000704900000| Untracked 
|  48|0x0000000704a00000, 0x0000000704a00000, 0x0000000704b00000|  0%| F|  |TAMS 0x0000000704a00000, 0x0000000704a00000| Untracked 
|  49|0x0000000704b00000, 0x0000000704b00000, 0x0000000704c00000|  0%| F|  |TAMS 0x0000000704b00000, 0x0000000704b00000| Untracked 
|  50|0x0000000704c00000, 0x0000000704c00000, 0x0000000704d00000|  0%| F|  |TAMS 0x0000000704c00000, 0x0000000704c00000| Untracked 
|  51|0x0000000704d00000, 0x0000000704d00000, 0x0000000704e00000|  0%| F|  |TAMS 0x0000000704d00000, 0x0000000704d00000| Untracked 
|  52|0x0000000704e00000, 0x0000000704e00000, 0x0000000704f00000|  0%| F|  |TAMS 0x0000000704e00000, 0x0000000704e00000| Untracked 
|  53|0x0000000704f00000, 0x0000000704f00000, 0x0000000705000000|  0%| F|  |TAMS 0x0000000704f00000, 0x0000000704f00000| Untracked 
|  54|0x0000000705000000, 0x0000000705000000, 0x0000000705100000|  0%| F|  |TAMS 0x0000000705000000, 0x0000000705000000| Untracked 
|  55|0x0000000705100000, 0x0000000705100000, 0x0000000705200000|  0%| F|  |TAMS 0x0000000705100000, 0x0000000705100000| Untracked 
|  56|0x0000000705200000, 0x0000000705200000, 0x0000000705300000|  0%| F|  |TAMS 0x0000000705200000, 0x0000000705200000| Untracked 
|  57|0x0000000705300000, 0x0000000705300000, 0x0000000705400000|  0%| F|  |TAMS 0x0000000705300000, 0x0000000705300000| Untracked 
|  58|0x0000000705400000, 0x0000000705400000, 0x0000000705500000|  0%| F|  |TAMS 0x0000000705400000, 0x0000000705400000| Untracked 
|  59|0x0000000705500000, 0x0000000705500000, 0x0000000705600000|  0%| F|  |TAMS 0x0000000705500000, 0x0000000705500000| Untracked 
|  60|0x0000000705600000, 0x0000000705600000, 0x0000000705700000|  0%| F|  |TAMS 0x0000000705600000, 0x0000000705600000| Untracked 
|  61|0x0000000705700000, 0x0000000705700000, 0x0000000705800000|  0%| F|  |TAMS 0x0000000705700000, 0x0000000705700000| Untracked 
|  62|0x0000000705800000, 0x0000000705800000, 0x0000000705900000|  0%| F|  |TAMS 0x0000000705800000, 0x0000000705800000| Untracked 
|  63|0x0000000705900000, 0x0000000705900000, 0x0000000705a00000|  0%| F|  |TAMS 0x0000000705900000, 0x0000000705900000| Untracked 
|  64|0x0000000705a00000, 0x0000000705a00000, 0x0000000705b00000|  0%| F|  |TAMS 0x0000000705a00000, 0x0000000705a00000| Untracked 
|  65|0x0000000705b00000, 0x0000000705b00000, 0x0000000705c00000|  0%| F|  |TAMS 0x0000000705b00000, 0x0000000705b00000| Untracked 
|  66|0x0000000705c00000, 0x0000000705c00000, 0x0000000705d00000|  0%| F|  |TAMS 0x0000000705c00000, 0x0000000705c00000| Untracked 
|  67|0x0000000705d00000, 0x0000000705d00000, 0x0000000705e00000|  0%| F|  |TAMS 0x0000000705d00000, 0x0000000705d00000| Untracked 
|  68|0x0000000705e00000, 0x0000000705e00000, 0x0000000705f00000|  0%| F|  |TAMS 0x0000000705e00000, 0x0000000705e00000| Untracked 
|  69|0x0000000705f00000, 0x0000000705f00000, 0x0000000706000000|  0%| F|  |TAMS 0x0000000705f00000, 0x0000000705f00000| Untracked 
|  70|0x0000000706000000, 0x0000000706000000, 0x0000000706100000|  0%| F|  |TAMS 0x0000000706000000, 0x0000000706000000| Untracked 
|  71|0x0000000706100000, 0x0000000706100000, 0x0000000706200000|  0%| F|  |TAMS 0x0000000706100000, 0x0000000706100000| Untracked 
|  72|0x0000000706200000, 0x0000000706200000, 0x0000000706300000|  0%| F|  |TAMS 0x0000000706200000, 0x0000000706200000| Untracked 
|  73|0x0000000706300000, 0x0000000706300000, 0x0000000706400000|  0%| F|  |TAMS 0x0000000706300000, 0x0000000706300000| Untracked 
|  74|0x0000000706400000, 0x0000000706400000, 0x0000000706500000|  0%| F|  |TAMS 0x0000000706400000, 0x0000000706400000| Untracked 
|  75|0x0000000706500000, 0x0000000706500000, 0x0000000706600000|  0%| F|  |TAMS 0x0000000706500000, 0x0000000706500000| Untracked 
|  76|0x0000000706600000, 0x0000000706600000, 0x0000000706700000|  0%| F|  |TAMS 0x0000000706600000, 0x0000000706600000| Untracked 
|  77|0x0000000706700000, 0x0000000706700000, 0x0000000706800000|  0%| F|  |TAMS 0x0000000706700000, 0x0000000706700000| Untracked 
|  78|0x0000000706800000, 0x0000000706800000, 0x0000000706900000|  0%| F|  |TAMS 0x0000000706800000, 0x0000000706800000| Untracked 
|  79|0x0000000706900000, 0x0000000706900000, 0x0000000706a00000|  0%| F|  |TAMS 0x0000000706900000, 0x0000000706900000| Untracked 
|  80|0x0000000706a00000, 0x0000000706a00000, 0x0000000706b00000|  0%| F|  |TAMS 0x0000000706a00000, 0x0000000706a00000| Untracked 
|  81|0x0000000706b00000, 0x0000000706b00000, 0x0000000706c00000|  0%| F|  |TAMS 0x0000000706b00000, 0x0000000706b00000| Untracked 
|  82|0x0000000706c00000, 0x0000000706c00000, 0x0000000706d00000|  0%| F|  |TAMS 0x0000000706c00000, 0x0000000706c00000| Untracked 
|  83|0x0000000706d00000, 0x0000000706d00000, 0x0000000706e00000|  0%| F|  |TAMS 0x0000000706d00000, 0x0000000706d00000| Untracked 
|  84|0x0000000706e00000, 0x0000000706e00000, 0x0000000706f00000|  0%| F|  |TAMS 0x0000000706e00000, 0x0000000706e00000| Untracked 
|  85|0x0000000706f00000, 0x0000000706f00000, 0x0000000707000000|  0%| F|  |TAMS 0x0000000706f00000, 0x0000000706f00000| Untracked 
|  86|0x0000000707000000, 0x0000000707000000, 0x0000000707100000|  0%| F|  |TAMS 0x0000000707000000, 0x0000000707000000| Untracked 
|  87|0x0000000707100000, 0x0000000707100000, 0x0000000707200000|  0%| F|  |TAMS 0x0000000707100000, 0x0000000707100000| Untracked 
|  88|0x0000000707200000, 0x0000000707200000, 0x0000000707300000|  0%| F|  |TAMS 0x0000000707200000, 0x0000000707200000| Untracked 
|  89|0x0000000707300000, 0x0000000707300000, 0x0000000707400000|  0%| F|  |TAMS 0x0000000707300000, 0x0000000707300000| Untracked 
|  90|0x0000000707400000, 0x0000000707400000, 0x0000000707500000|  0%| F|  |TAMS 0x0000000707400000, 0x0000000707400000| Untracked 
|  91|0x0000000707500000, 0x0000000707500000, 0x0000000707600000|  0%| F|  |TAMS 0x0000000707500000, 0x0000000707500000| Untracked 
|  92|0x0000000707600000, 0x0000000707600000, 0x0000000707700000|  0%| F|  |TAMS 0x0000000707600000, 0x0000000707600000| Untracked 
|  93|0x0000000707700000, 0x0000000707700000, 0x0000000707800000|  0%| F|  |TAMS 0x0000000707700000, 0x0000000707700000| Untracked 
|  94|0x0000000707800000, 0x0000000707800000, 0x0000000707900000|  0%| F|  |TAMS 0x0000000707800000, 0x0000000707800000| Untracked 
|  95|0x0000000707900000, 0x0000000707900000, 0x0000000707a00000|  0%| F|  |TAMS 0x0000000707900000, 0x0000000707900000| Untracked 
|  96|0x0000000707a00000, 0x0000000707a00000, 0x0000000707b00000|  0%| F|  |TAMS 0x0000000707a00000, 0x0000000707a00000| Untracked 
|  97|0x0000000707b00000, 0x0000000707b00000, 0x0000000707c00000|  0%| F|  |TAMS 0x0000000707b00000, 0x0000000707b00000| Untracked 
|  98|0x0000000707c00000, 0x0000000707c00000, 0x0000000707d00000|  0%| F|  |TAMS 0x0000000707c00000, 0x0000000707c00000| Untracked 
|  99|0x0000000707d00000, 0x0000000707d00000, 0x0000000707e00000|  0%| F|  |TAMS 0x0000000707d00000, 0x0000000707d00000| Untracked 
| 100|0x0000000707e00000, 0x0000000707e00000, 0x0000000707f00000|  0%| F|  |TAMS 0x0000000707e00000, 0x0000000707e00000| Untracked 
| 101|0x0000000707f00000, 0x0000000707f00000, 0x0000000708000000|  0%| F|  |TAMS 0x0000000707f00000, 0x0000000707f00000| Untracked 
| 102|0x0000000708000000, 0x0000000708000000, 0x0000000708100000|  0%| F|  |TAMS 0x0000000708000000, 0x0000000708000000| Untracked 
| 103|0x0000000708100000, 0x0000000708100000, 0x0000000708200000|  0%| F|  |TAMS 0x0000000708100000, 0x0000000708100000| Untracked 
| 104|0x0000000708200000, 0x0000000708200000, 0x0000000708300000|  0%| F|  |TAMS 0x0000000708200000, 0x0000000708200000| Untracked 
| 105|0x0000000708300000, 0x0000000708300000, 0x0000000708400000|  0%| F|  |TAMS 0x0000000708300000, 0x0000000708300000| Untracked 
| 106|0x0000000708400000, 0x0000000708400000, 0x0000000708500000|  0%| F|  |TAMS 0x0000000708400000, 0x0000000708400000| Untracked 
| 107|0x0000000708500000, 0x0000000708500000, 0x0000000708600000|  0%| F|  |TAMS 0x0000000708500000, 0x0000000708500000| Untracked 
| 108|0x0000000708600000, 0x0000000708600000, 0x0000000708700000|  0%| F|  |TAMS 0x0000000708600000, 0x0000000708600000| Untracked 
| 109|0x0000000708700000, 0x0000000708700000, 0x0000000708800000|  0%| F|  |TAMS 0x0000000708700000, 0x0000000708700000| Untracked 
| 110|0x0000000708800000, 0x0000000708800000, 0x0000000708900000|  0%| F|  |TAMS 0x0000000708800000, 0x0000000708800000| Untracked 
| 111|0x0000000708900000, 0x0000000708900000, 0x0000000708a00000|  0%| F|  |TAMS 0x0000000708900000, 0x0000000708900000| Untracked 
| 112|0x0000000708a00000, 0x0000000708a00000, 0x0000000708b00000|  0%| F|  |TAMS 0x0000000708a00000, 0x0000000708a00000| Untracked 
| 113|0x0000000708b00000, 0x0000000708b00000, 0x0000000708c00000|  0%| F|  |TAMS 0x0000000708b00000, 0x0000000708b00000| Untracked 
| 114|0x0000000708c00000, 0x0000000708c00000, 0x0000000708d00000|  0%| F|  |TAMS 0x0000000708c00000, 0x0000000708c00000| Untracked 
| 115|0x0000000708d00000, 0x0000000708d00000, 0x0000000708e00000|  0%| F|  |TAMS 0x0000000708d00000, 0x0000000708d00000| Untracked 
| 116|0x0000000708e00000, 0x0000000708e00000, 0x0000000708f00000|  0%| F|  |TAMS 0x0000000708e00000, 0x0000000708e00000| Untracked 
| 117|0x0000000708f00000, 0x0000000708f00000, 0x0000000709000000|  0%| F|  |TAMS 0x0000000708f00000, 0x0000000708f00000| Untracked 
| 118|0x0000000709000000, 0x0000000709000000, 0x0000000709100000|  0%| F|  |TAMS 0x0000000709000000, 0x0000000709000000| Untracked 
| 119|0x0000000709100000, 0x0000000709100000, 0x0000000709200000|  0%| F|  |TAMS 0x0000000709100000, 0x0000000709100000| Untracked 
| 120|0x0000000709200000, 0x0000000709200000, 0x0000000709300000|  0%| F|  |TAMS 0x0000000709200000, 0x0000000709200000| Untracked 
| 121|0x0000000709300000, 0x0000000709300000, 0x0000000709400000|  0%| F|  |TAMS 0x0000000709300000, 0x0000000709300000| Untracked 
| 122|0x0000000709400000, 0x0000000709400000, 0x0000000709500000|  0%| F|  |TAMS 0x0000000709400000, 0x0000000709400000| Untracked 
| 123|0x0000000709500000, 0x0000000709500000, 0x0000000709600000|  0%| F|  |TAMS 0x0000000709500000, 0x0000000709500000| Untracked 
| 124|0x0000000709600000, 0x0000000709600000, 0x0000000709700000|  0%| F|  |TAMS 0x0000000709600000, 0x0000000709600000| Untracked 
| 125|0x0000000709700000, 0x0000000709700000, 0x0000000709800000|  0%| F|  |TAMS 0x0000000709700000, 0x0000000709700000| Untracked 
| 126|0x0000000709800000, 0x0000000709800000, 0x0000000709900000|  0%| F|  |TAMS 0x0000000709800000, 0x0000000709800000| Untracked 
| 127|0x0000000709900000, 0x0000000709900000, 0x0000000709a00000|  0%| F|  |TAMS 0x0000000709900000, 0x0000000709900000| Untracked 
| 128|0x0000000709a00000, 0x0000000709a00000, 0x0000000709b00000|  0%| F|  |TAMS 0x0000000709a00000, 0x0000000709a00000| Untracked 
| 129|0x0000000709b00000, 0x0000000709b00000, 0x0000000709c00000|  0%| F|  |TAMS 0x0000000709b00000, 0x0000000709b00000| Untracked 
| 130|0x0000000709c00000, 0x0000000709c00000, 0x0000000709d00000|  0%| F|  |TAMS 0x0000000709c00000, 0x0000000709c00000| Untracked 
| 131|0x0000000709d00000, 0x0000000709d00000, 0x0000000709e00000|  0%| F|  |TAMS 0x0000000709d00000, 0x0000000709d00000| Untracked 
| 132|0x0000000709e00000, 0x0000000709e00000, 0x0000000709f00000|  0%| F|  |TAMS 0x0000000709e00000, 0x0000000709e00000| Untracked 
| 133|0x0000000709f00000, 0x0000000709f00000, 0x000000070a000000|  0%| F|  |TAMS 0x0000000709f00000, 0x0000000709f00000| Untracked 
| 134|0x000000070a000000, 0x000000070a000000, 0x000000070a100000|  0%| F|  |TAMS 0x000000070a000000, 0x000000070a000000| Untracked 
| 135|0x000000070a100000, 0x000000070a100000, 0x000000070a200000|  0%| F|  |TAMS 0x000000070a100000, 0x000000070a100000| Untracked 
| 136|0x000000070a200000, 0x000000070a200000, 0x000000070a300000|  0%| F|  |TAMS 0x000000070a200000, 0x000000070a200000| Untracked 
| 137|0x000000070a300000, 0x000000070a300000, 0x000000070a400000|  0%| F|  |TAMS 0x000000070a300000, 0x000000070a300000| Untracked 
| 138|0x000000070a400000, 0x000000070a400000, 0x000000070a500000|  0%| F|  |TAMS 0x000000070a400000, 0x000000070a400000| Untracked 
| 139|0x000000070a500000, 0x000000070a500000, 0x000000070a600000|  0%| F|  |TAMS 0x000000070a500000, 0x000000070a500000| Untracked 
| 140|0x000000070a600000, 0x000000070a600000, 0x000000070a700000|  0%| F|  |TAMS 0x000000070a600000, 0x000000070a600000| Untracked 
| 141|0x000000070a700000, 0x000000070a700000, 0x000000070a800000|  0%| F|  |TAMS 0x000000070a700000, 0x000000070a700000| Untracked 
| 142|0x000000070a800000, 0x000000070a800000, 0x000000070a900000|  0%| F|  |TAMS 0x000000070a800000, 0x000000070a800000| Untracked 
| 143|0x000000070a900000, 0x000000070a900000, 0x000000070aa00000|  0%| F|  |TAMS 0x000000070a900000, 0x000000070a900000| Untracked 
| 144|0x000000070aa00000, 0x000000070aa00000, 0x000000070ab00000|  0%| F|  |TAMS 0x000000070aa00000, 0x000000070aa00000| Untracked 
| 145|0x000000070ab00000, 0x000000070ab00000, 0x000000070ac00000|  0%| F|  |TAMS 0x000000070ab00000, 0x000000070ab00000| Untracked 
| 146|0x000000070ac00000, 0x000000070ac00000, 0x000000070ad00000|  0%| F|  |TAMS 0x000000070ac00000, 0x000000070ac00000| Untracked 
| 147|0x000000070ad00000, 0x000000070ad00000, 0x000000070ae00000|  0%| F|  |TAMS 0x000000070ad00000, 0x000000070ad00000| Untracked 
| 148|0x000000070ae00000, 0x000000070ae00000, 0x000000070af00000|  0%| F|  |TAMS 0x000000070ae00000, 0x000000070ae00000| Untracked 
| 149|0x000000070af00000, 0x000000070af00000, 0x000000070b000000|  0%| F|  |TAMS 0x000000070af00000, 0x000000070af00000| Untracked 
| 150|0x000000070b000000, 0x000000070b000000, 0x000000070b100000|  0%| F|  |TAMS 0x000000070b000000, 0x000000070b000000| Untracked 
| 151|0x000000070b100000, 0x000000070b100000, 0x000000070b200000|  0%| F|  |TAMS 0x000000070b100000, 0x000000070b100000| Untracked 
| 152|0x000000070b200000, 0x000000070b200000, 0x000000070b300000|  0%| F|  |TAMS 0x000000070b200000, 0x000000070b200000| Untracked 
| 153|0x000000070b300000, 0x000000070b300000, 0x000000070b400000|  0%| F|  |TAMS 0x000000070b300000, 0x000000070b300000| Untracked 
| 154|0x000000070b400000, 0x000000070b400000, 0x000000070b500000|  0%| F|  |TAMS 0x000000070b400000, 0x000000070b400000| Untracked 
| 155|0x000000070b500000, 0x000000070b500000, 0x000000070b600000|  0%| F|  |TAMS 0x000000070b500000, 0x000000070b500000| Untracked 
| 156|0x000000070b600000, 0x000000070b600000, 0x000000070b700000|  0%| F|  |TAMS 0x000000070b600000, 0x000000070b600000| Untracked 
| 157|0x000000070b700000, 0x000000070b700000, 0x000000070b800000|  0%| F|  |TAMS 0x000000070b700000, 0x000000070b700000| Untracked 
| 158|0x000000070b800000, 0x000000070b800000, 0x000000070b900000|  0%| F|  |TAMS 0x000000070b800000, 0x000000070b800000| Untracked 
| 159|0x000000070b900000, 0x000000070b900000, 0x000000070ba00000|  0%| F|  |TAMS 0x000000070b900000, 0x000000070b900000| Untracked 
| 160|0x000000070ba00000, 0x000000070ba00000, 0x000000070bb00000|  0%| F|  |TAMS 0x000000070ba00000, 0x000000070ba00000| Untracked 
| 161|0x000000070bb00000, 0x000000070bb00000, 0x000000070bc00000|  0%| F|  |TAMS 0x000000070bb00000, 0x000000070bb00000| Untracked 
| 162|0x000000070bc00000, 0x000000070bc00000, 0x000000070bd00000|  0%| F|  |TAMS 0x000000070bc00000, 0x000000070bc00000| Untracked 
| 163|0x000000070bd00000, 0x000000070bd00000, 0x000000070be00000|  0%| F|  |TAMS 0x000000070bd00000, 0x000000070bd00000| Untracked 
| 164|0x000000070be00000, 0x000000070be00000, 0x000000070bf00000|  0%| F|  |TAMS 0x000000070be00000, 0x000000070be00000| Untracked 
| 165|0x000000070bf00000, 0x000000070bf00000, 0x000000070c000000|  0%| F|  |TAMS 0x000000070bf00000, 0x000000070bf00000| Untracked 
| 166|0x000000070c000000, 0x000000070c000000, 0x000000070c100000|  0%| F|  |TAMS 0x000000070c000000, 0x000000070c000000| Untracked 
| 167|0x000000070c100000, 0x000000070c100000, 0x000000070c200000|  0%| F|  |TAMS 0x000000070c100000, 0x000000070c100000| Untracked 
| 168|0x000000070c200000, 0x000000070c200000, 0x000000070c300000|  0%| F|  |TAMS 0x000000070c200000, 0x000000070c200000| Untracked 
| 169|0x000000070c300000, 0x000000070c300000, 0x000000070c400000|  0%| F|  |TAMS 0x000000070c300000, 0x000000070c300000| Untracked 
| 170|0x000000070c400000, 0x000000070c400000, 0x000000070c500000|  0%| F|  |TAMS 0x000000070c400000, 0x000000070c400000| Untracked 
| 171|0x000000070c500000, 0x000000070c500000, 0x000000070c600000|  0%| F|  |TAMS 0x000000070c500000, 0x000000070c500000| Untracked 
| 172|0x000000070c600000, 0x000000070c600000, 0x000000070c700000|  0%| F|  |TAMS 0x000000070c600000, 0x000000070c600000| Untracked 
| 173|0x000000070c700000, 0x000000070c700000, 0x000000070c800000|  0%| F|  |TAMS 0x000000070c700000, 0x000000070c700000| Untracked 
| 174|0x000000070c800000, 0x000000070c800000, 0x000000070c900000|  0%| F|  |TAMS 0x000000070c800000, 0x000000070c800000| Untracked 
| 175|0x000000070c900000, 0x000000070c900000, 0x000000070ca00000|  0%| F|  |TAMS 0x000000070c900000, 0x000000070c900000| Untracked 
| 176|0x000000070ca00000, 0x000000070ca00000, 0x000000070cb00000|  0%| F|  |TAMS 0x000000070ca00000, 0x000000070ca00000| Untracked 
| 177|0x000000070cb00000, 0x000000070cb00000, 0x000000070cc00000|  0%| F|  |TAMS 0x000000070cb00000, 0x000000070cb00000| Untracked 
| 178|0x000000070cc00000, 0x000000070cc00000, 0x000000070cd00000|  0%| F|  |TAMS 0x000000070cc00000, 0x000000070cc00000| Untracked 
| 179|0x000000070cd00000, 0x000000070cd00000, 0x000000070ce00000|  0%| F|  |TAMS 0x000000070cd00000, 0x000000070cd00000| Untracked 
| 180|0x000000070ce00000, 0x000000070ce00000, 0x000000070cf00000|  0%| F|  |TAMS 0x000000070ce00000, 0x000000070ce00000| Untracked 
| 181|0x000000070cf00000, 0x000000070cf00000, 0x000000070d000000|  0%| F|  |TAMS 0x000000070cf00000, 0x000000070cf00000| Untracked 
| 182|0x000000070d000000, 0x000000070d000000, 0x000000070d100000|  0%| F|  |TAMS 0x000000070d000000, 0x000000070d000000| Untracked 
| 183|0x000000070d100000, 0x000000070d100000, 0x000000070d200000|  0%| F|  |TAMS 0x000000070d100000, 0x000000070d100000| Untracked 
| 184|0x000000070d200000, 0x000000070d200000, 0x000000070d300000|  0%| F|  |TAMS 0x000000070d200000, 0x000000070d200000| Untracked 
| 185|0x000000070d300000, 0x000000070d300000, 0x000000070d400000|  0%| F|  |TAMS 0x000000070d300000, 0x000000070d300000| Untracked 
| 186|0x000000070d400000, 0x000000070d400000, 0x000000070d500000|  0%| F|  |TAMS 0x000000070d400000, 0x000000070d400000| Untracked 
| 187|0x000000070d500000, 0x000000070d500000, 0x000000070d600000|  0%| F|  |TAMS 0x000000070d500000, 0x000000070d500000| Untracked 
| 188|0x000000070d600000, 0x000000070d600000, 0x000000070d700000|  0%| F|  |TAMS 0x000000070d600000, 0x000000070d600000| Untracked 
| 189|0x000000070d700000, 0x000000070d700000, 0x000000070d800000|  0%| F|  |TAMS 0x000000070d700000, 0x000000070d700000| Untracked 
| 190|0x000000070d800000, 0x000000070d800000, 0x000000070d900000|  0%| F|  |TAMS 0x000000070d800000, 0x000000070d800000| Untracked 
| 191|0x000000070d900000, 0x000000070d900000, 0x000000070da00000|  0%| F|  |TAMS 0x000000070d900000, 0x000000070d900000| Untracked 
| 192|0x000000070da00000, 0x000000070da00000, 0x000000070db00000|  0%| F|  |TAMS 0x000000070da00000, 0x000000070da00000| Untracked 
| 193|0x000000070db00000, 0x000000070db00000, 0x000000070dc00000|  0%| F|  |TAMS 0x000000070db00000, 0x000000070db00000| Untracked 
| 194|0x000000070dc00000, 0x000000070dc00000, 0x000000070dd00000|  0%| F|  |TAMS 0x000000070dc00000, 0x000000070dc00000| Untracked 
| 195|0x000000070dd00000, 0x000000070dd00000, 0x000000070de00000|  0%| F|  |TAMS 0x000000070dd00000, 0x000000070dd00000| Untracked 
| 196|0x000000070de00000, 0x000000070de00000, 0x000000070df00000|  0%| F|  |TAMS 0x000000070de00000, 0x000000070de00000| Untracked 
| 197|0x000000070df00000, 0x000000070df00000, 0x000000070e000000|  0%| F|  |TAMS 0x000000070df00000, 0x000000070df00000| Untracked 
| 198|0x000000070e000000, 0x000000070e000000, 0x000000070e100000|  0%| F|  |TAMS 0x000000070e000000, 0x000000070e000000| Untracked 
| 199|0x000000070e100000, 0x000000070e100000, 0x000000070e200000|  0%| F|  |TAMS 0x000000070e100000, 0x000000070e100000| Untracked 
| 200|0x000000070e200000, 0x000000070e200000, 0x000000070e300000|  0%| F|  |TAMS 0x000000070e200000, 0x000000070e200000| Untracked 
| 201|0x000000070e300000, 0x000000070e300000, 0x000000070e400000|  0%| F|  |TAMS 0x000000070e300000, 0x000000070e300000| Untracked 
| 202|0x000000070e400000, 0x000000070e400000, 0x000000070e500000|  0%| F|  |TAMS 0x000000070e400000, 0x000000070e400000| Untracked 
| 203|0x000000070e500000, 0x000000070e500000, 0x000000070e600000|  0%| F|  |TAMS 0x000000070e500000, 0x000000070e500000| Untracked 
| 204|0x000000070e600000, 0x000000070e600000, 0x000000070e700000|  0%| F|  |TAMS 0x000000070e600000, 0x000000070e600000| Untracked 
| 205|0x000000070e700000, 0x000000070e700000, 0x000000070e800000|  0%| F|  |TAMS 0x000000070e700000, 0x000000070e700000| Untracked 
| 206|0x000000070e800000, 0x000000070e800000, 0x000000070e900000|  0%| F|  |TAMS 0x000000070e800000, 0x000000070e800000| Untracked 
| 207|0x000000070e900000, 0x000000070e900000, 0x000000070ea00000|  0%| F|  |TAMS 0x000000070e900000, 0x000000070e900000| Untracked 
| 208|0x000000070ea00000, 0x000000070ea00000, 0x000000070eb00000|  0%| F|  |TAMS 0x000000070ea00000, 0x000000070ea00000| Untracked 
| 209|0x000000070eb00000, 0x000000070eb00000, 0x000000070ec00000|  0%| F|  |TAMS 0x000000070eb00000, 0x000000070eb00000| Untracked 
| 210|0x000000070ec00000, 0x000000070ec00000, 0x000000070ed00000|  0%| F|  |TAMS 0x000000070ec00000, 0x000000070ec00000| Untracked 
| 211|0x000000070ed00000, 0x000000070ed00000, 0x000000070ee00000|  0%| F|  |TAMS 0x000000070ed00000, 0x000000070ed00000| Untracked 
| 212|0x000000070ee00000, 0x000000070ee00000, 0x000000070ef00000|  0%| F|  |TAMS 0x000000070ee00000, 0x000000070ee00000| Untracked 
| 213|0x000000070ef00000, 0x000000070ef00000, 0x000000070f000000|  0%| F|  |TAMS 0x000000070ef00000, 0x000000070ef00000| Untracked 
| 214|0x000000070f000000, 0x000000070f000000, 0x000000070f100000|  0%| F|  |TAMS 0x000000070f000000, 0x000000070f000000| Untracked 
| 215|0x000000070f100000, 0x000000070f100000, 0x000000070f200000|  0%| F|  |TAMS 0x000000070f100000, 0x000000070f100000| Untracked 
| 216|0x000000070f200000, 0x000000070f200000, 0x000000070f300000|  0%| F|  |TAMS 0x000000070f200000, 0x000000070f200000| Untracked 
| 217|0x000000070f300000, 0x000000070f300000, 0x000000070f400000|  0%| F|  |TAMS 0x000000070f300000, 0x000000070f300000| Untracked 
| 218|0x000000070f400000, 0x000000070f400000, 0x000000070f500000|  0%| F|  |TAMS 0x000000070f400000, 0x000000070f400000| Untracked 
| 219|0x000000070f500000, 0x000000070f500000, 0x000000070f600000|  0%| F|  |TAMS 0x000000070f500000, 0x000000070f500000| Untracked 
| 220|0x000000070f600000, 0x000000070f600000, 0x000000070f700000|  0%| F|  |TAMS 0x000000070f600000, 0x000000070f600000| Untracked 
| 221|0x000000070f700000, 0x000000070f700000, 0x000000070f800000|  0%| F|  |TAMS 0x000000070f700000, 0x000000070f700000| Untracked 
| 222|0x000000070f800000, 0x000000070f83c518, 0x000000070f900000| 23%| S|CS|TAMS 0x000000070f800000, 0x000000070f800000| Complete 
| 223|0x000000070f900000, 0x000000070fa00000, 0x000000070fa00000|100%| S|CS|TAMS 0x000000070f900000, 0x000000070f900000| Complete 
| 224|0x000000070fa00000, 0x000000070fb00000, 0x000000070fb00000|100%| S|CS|TAMS 0x000000070fa00000, 0x000000070fa00000| Complete 
| 225|0x000000070fb00000, 0x000000070fc00000, 0x000000070fc00000|100%| S|CS|TAMS 0x000000070fb00000, 0x000000070fb00000| Complete 
| 226|0x000000070fc00000, 0x000000070fd00000, 0x000000070fd00000|100%| S|CS|TAMS 0x000000070fc00000, 0x000000070fc00000| Complete 
| 227|0x000000070fd00000, 0x000000070fe00000, 0x000000070fe00000|100%| S|CS|TAMS 0x000000070fd00000, 0x000000070fd00000| Complete 
| 228|0x000000070fe00000, 0x000000070ff00000, 0x000000070ff00000|100%| S|CS|TAMS 0x000000070fe00000, 0x000000070fe00000| Complete 
| 229|0x000000070ff00000, 0x0000000710000000, 0x0000000710000000|100%| S|CS|TAMS 0x000000070ff00000, 0x000000070ff00000| Complete 
| 230|0x0000000710000000, 0x0000000710100000, 0x0000000710100000|100%| S|CS|TAMS 0x0000000710000000, 0x0000000710000000| Complete 
| 231|0x0000000710100000, 0x0000000710200000, 0x0000000710200000|100%| S|CS|TAMS 0x0000000710100000, 0x0000000710100000| Complete 
| 232|0x0000000710200000, 0x0000000710300000, 0x0000000710300000|100%| S|CS|TAMS 0x0000000710200000, 0x0000000710200000| Complete 
| 233|0x0000000710300000, 0x0000000710400000, 0x0000000710400000|100%| S|CS|TAMS 0x0000000710300000, 0x0000000710300000| Complete 
| 234|0x0000000710400000, 0x0000000710400000, 0x0000000710500000|  0%| F|  |TAMS 0x0000000710400000, 0x0000000710400000| Untracked 
| 235|0x0000000710500000, 0x0000000710500000, 0x0000000710600000|  0%| F|  |TAMS 0x0000000710500000, 0x0000000710500000| Untracked 
| 236|0x0000000710600000, 0x0000000710600000, 0x0000000710700000|  0%| F|  |TAMS 0x0000000710600000, 0x0000000710600000| Untracked 
| 237|0x0000000710700000, 0x0000000710700000, 0x0000000710800000|  0%| F|  |TAMS 0x0000000710700000, 0x0000000710700000| Untracked 
| 238|0x0000000710800000, 0x0000000710800000, 0x0000000710900000|  0%| F|  |TAMS 0x0000000710800000, 0x0000000710800000| Untracked 
| 239|0x0000000710900000, 0x0000000710900000, 0x0000000710a00000|  0%| F|  |TAMS 0x0000000710900000, 0x0000000710900000| Untracked 
| 240|0x0000000710a00000, 0x0000000710a00000, 0x0000000710b00000|  0%| F|  |TAMS 0x0000000710a00000, 0x0000000710a00000| Untracked 
| 241|0x0000000710b00000, 0x0000000710b00000, 0x0000000710c00000|  0%| F|  |TAMS 0x0000000710b00000, 0x0000000710b00000| Untracked 
| 242|0x0000000710c00000, 0x0000000710c00000, 0x0000000710d00000|  0%| F|  |TAMS 0x0000000710c00000, 0x0000000710c00000| Untracked 
| 243|0x0000000710d00000, 0x0000000710d00000, 0x0000000710e00000|  0%| F|  |TAMS 0x0000000710d00000, 0x0000000710d00000| Untracked 
| 244|0x0000000710e00000, 0x0000000710e00000, 0x0000000710f00000|  0%| F|  |TAMS 0x0000000710e00000, 0x0000000710e00000| Untracked 
| 245|0x0000000710f00000, 0x0000000710f00000, 0x0000000711000000|  0%| F|  |TAMS 0x0000000710f00000, 0x0000000710f00000| Untracked 
| 246|0x0000000711000000, 0x0000000711000000, 0x0000000711100000|  0%| F|  |TAMS 0x0000000711000000, 0x0000000711000000| Untracked 
| 247|0x0000000711100000, 0x0000000711100000, 0x0000000711200000|  0%| F|  |TAMS 0x0000000711100000, 0x0000000711100000| Untracked 
| 248|0x0000000711200000, 0x0000000711200000, 0x0000000711300000|  0%| F|  |TAMS 0x0000000711200000, 0x0000000711200000| Untracked 
| 249|0x0000000711300000, 0x0000000711300000, 0x0000000711400000|  0%| F|  |TAMS 0x0000000711300000, 0x0000000711300000| Untracked 
| 250|0x0000000711400000, 0x0000000711400000, 0x0000000711500000|  0%| F|  |TAMS 0x0000000711400000, 0x0000000711400000| Untracked 
| 251|0x0000000711500000, 0x0000000711500000, 0x0000000711600000|  0%| F|  |TAMS 0x0000000711500000, 0x0000000711500000| Untracked 
| 252|0x0000000711600000, 0x0000000711600000, 0x0000000711700000|  0%| F|  |TAMS 0x0000000711600000, 0x0000000711600000| Untracked 
| 253|0x0000000711700000, 0x0000000711700000, 0x0000000711800000|  0%| F|  |TAMS 0x0000000711700000, 0x0000000711700000| Untracked 
| 254|0x0000000711800000, 0x0000000711800000, 0x0000000711900000|  0%| F|  |TAMS 0x0000000711800000, 0x0000000711800000| Untracked 
| 255|0x0000000711900000, 0x0000000711900000, 0x0000000711a00000|  0%| F|  |TAMS 0x0000000711900000, 0x0000000711900000| Untracked 
| 256|0x0000000711a00000, 0x0000000711a00000, 0x0000000711b00000|  0%| F|  |TAMS 0x0000000711a00000, 0x0000000711a00000| Untracked 
| 257|0x0000000711b00000, 0x0000000711b00000, 0x0000000711c00000|  0%| F|  |TAMS 0x0000000711b00000, 0x0000000711b00000| Untracked 
| 258|0x0000000711c00000, 0x0000000711c00000, 0x0000000711d00000|  0%| F|  |TAMS 0x0000000711c00000, 0x0000000711c00000| Untracked 
| 259|0x0000000711d00000, 0x0000000711d00000, 0x0000000711e00000|  0%| F|  |TAMS 0x0000000711d00000, 0x0000000711d00000| Untracked 
| 260|0x0000000711e00000, 0x0000000711e00000, 0x0000000711f00000|  0%| F|  |TAMS 0x0000000711e00000, 0x0000000711e00000| Untracked 
| 261|0x0000000711f00000, 0x0000000711f00000, 0x0000000712000000|  0%| F|  |TAMS 0x0000000711f00000, 0x0000000711f00000| Untracked 
| 262|0x0000000712000000, 0x0000000712000000, 0x0000000712100000|  0%| F|  |TAMS 0x0000000712000000, 0x0000000712000000| Untracked 
| 263|0x0000000712100000, 0x0000000712100000, 0x0000000712200000|  0%| F|  |TAMS 0x0000000712100000, 0x0000000712100000| Untracked 
| 264|0x0000000712200000, 0x0000000712200000, 0x0000000712300000|  0%| F|  |TAMS 0x0000000712200000, 0x0000000712200000| Untracked 
| 265|0x0000000712300000, 0x0000000712300000, 0x0000000712400000|  0%| F|  |TAMS 0x0000000712300000, 0x0000000712300000| Untracked 
| 266|0x0000000712400000, 0x0000000712400000, 0x0000000712500000|  0%| F|  |TAMS 0x0000000712400000, 0x0000000712400000| Untracked 
| 267|0x0000000712500000, 0x0000000712500000, 0x0000000712600000|  0%| F|  |TAMS 0x0000000712500000, 0x0000000712500000| Untracked 
| 268|0x0000000712600000, 0x0000000712600000, 0x0000000712700000|  0%| F|  |TAMS 0x0000000712600000, 0x0000000712600000| Untracked 
| 269|0x0000000712700000, 0x0000000712700000, 0x0000000712800000|  0%| F|  |TAMS 0x0000000712700000, 0x0000000712700000| Untracked 
| 270|0x0000000712800000, 0x0000000712800000, 0x0000000712900000|  0%| F|  |TAMS 0x0000000712800000, 0x0000000712800000| Untracked 
| 271|0x0000000712900000, 0x0000000712900000, 0x0000000712a00000|  0%| F|  |TAMS 0x0000000712900000, 0x0000000712900000| Untracked 
| 272|0x0000000712a00000, 0x0000000712a00000, 0x0000000712b00000|  0%| F|  |TAMS 0x0000000712a00000, 0x0000000712a00000| Untracked 
| 273|0x0000000712b00000, 0x0000000712b00000, 0x0000000712c00000|  0%| F|  |TAMS 0x0000000712b00000, 0x0000000712b00000| Untracked 
| 274|0x0000000712c00000, 0x0000000712c00000, 0x0000000712d00000|  0%| F|  |TAMS 0x0000000712c00000, 0x0000000712c00000| Untracked 
| 275|0x0000000712d00000, 0x0000000712d00000, 0x0000000712e00000|  0%| F|  |TAMS 0x0000000712d00000, 0x0000000712d00000| Untracked 
| 276|0x0000000712e00000, 0x0000000712e00000, 0x0000000712f00000|  0%| F|  |TAMS 0x0000000712e00000, 0x0000000712e00000| Untracked 
| 277|0x0000000712f00000, 0x0000000712f00000, 0x0000000713000000|  0%| F|  |TAMS 0x0000000712f00000, 0x0000000712f00000| Untracked 
| 278|0x0000000713000000, 0x0000000713000000, 0x0000000713100000|  0%| F|  |TAMS 0x0000000713000000, 0x0000000713000000| Untracked 
| 279|0x0000000713100000, 0x0000000713100000, 0x0000000713200000|  0%| F|  |TAMS 0x0000000713100000, 0x0000000713100000| Untracked 
| 280|0x0000000713200000, 0x0000000713200000, 0x0000000713300000|  0%| F|  |TAMS 0x0000000713200000, 0x0000000713200000| Untracked 
| 281|0x0000000713300000, 0x0000000713300000, 0x0000000713400000|  0%| F|  |TAMS 0x0000000713300000, 0x0000000713300000| Untracked 
| 282|0x0000000713400000, 0x0000000713400000, 0x0000000713500000|  0%| F|  |TAMS 0x0000000713400000, 0x0000000713400000| Untracked 
| 283|0x0000000713500000, 0x0000000713580fe8, 0x0000000713600000| 50%| E|  |TAMS 0x0000000713500000, 0x0000000713500000| Complete 
| 284|0x0000000713600000, 0x0000000713700000, 0x0000000713700000|100%| E|CS|TAMS 0x0000000713600000, 0x0000000713600000| Complete 
| 285|0x0000000713700000, 0x0000000713800000, 0x0000000713800000|100%| E|CS|TAMS 0x0000000713700000, 0x0000000713700000| Complete 
| 286|0x0000000713800000, 0x0000000713900000, 0x0000000713900000|100%| E|CS|TAMS 0x0000000713800000, 0x0000000713800000| Complete 
| 287|0x0000000713900000, 0x0000000713a00000, 0x0000000713a00000|100%| E|CS|TAMS 0x0000000713900000, 0x0000000713900000| Complete 
| 288|0x0000000713a00000, 0x0000000713b00000, 0x0000000713b00000|100%| E|CS|TAMS 0x0000000713a00000, 0x0000000713a00000| Complete 
| 289|0x0000000713b00000, 0x0000000713c00000, 0x0000000713c00000|100%| E|CS|TAMS 0x0000000713b00000, 0x0000000713b00000| Complete 
| 290|0x0000000713c00000, 0x0000000713d00000, 0x0000000713d00000|100%| E|CS|TAMS 0x0000000713c00000, 0x0000000713c00000| Complete 
| 291|0x0000000713d00000, 0x0000000713e00000, 0x0000000713e00000|100%| E|CS|TAMS 0x0000000713d00000, 0x0000000713d00000| Complete 
| 292|0x0000000713e00000, 0x0000000713f00000, 0x0000000713f00000|100%| E|CS|TAMS 0x0000000713e00000, 0x0000000713e00000| Complete 
| 293|0x0000000713f00000, 0x0000000714000000, 0x0000000714000000|100%| E|CS|TAMS 0x0000000713f00000, 0x0000000713f00000| Complete 
| 294|0x0000000714000000, 0x0000000714100000, 0x0000000714100000|100%| E|CS|TAMS 0x0000000714000000, 0x0000000714000000| Complete 
| 295|0x0000000714100000, 0x0000000714200000, 0x0000000714200000|100%| E|CS|TAMS 0x0000000714100000, 0x0000000714100000| Complete 
| 296|0x0000000714200000, 0x0000000714300000, 0x0000000714300000|100%| E|CS|TAMS 0x0000000714200000, 0x0000000714200000| Complete 
| 297|0x0000000714300000, 0x0000000714400000, 0x0000000714400000|100%| E|CS|TAMS 0x0000000714300000, 0x0000000714300000| Complete 
| 298|0x0000000714400000, 0x0000000714500000, 0x0000000714500000|100%| E|CS|TAMS 0x0000000714400000, 0x0000000714400000| Complete 
| 299|0x0000000714500000, 0x0000000714600000, 0x0000000714600000|100%| E|CS|TAMS 0x0000000714500000, 0x0000000714500000| Complete 
| 300|0x0000000714600000, 0x0000000714700000, 0x0000000714700000|100%| E|CS|TAMS 0x0000000714600000, 0x0000000714600000| Complete 
| 301|0x0000000714700000, 0x0000000714800000, 0x0000000714800000|100%| E|CS|TAMS 0x0000000714700000, 0x0000000714700000| Complete 
| 302|0x0000000714800000, 0x0000000714900000, 0x0000000714900000|100%| E|CS|TAMS 0x0000000714800000, 0x0000000714800000| Complete 
| 303|0x0000000714900000, 0x0000000714a00000, 0x0000000714a00000|100%| E|CS|TAMS 0x0000000714900000, 0x0000000714900000| Complete 
| 304|0x0000000714a00000, 0x0000000714b00000, 0x0000000714b00000|100%| E|CS|TAMS 0x0000000714a00000, 0x0000000714a00000| Complete 
| 305|0x0000000714b00000, 0x0000000714c00000, 0x0000000714c00000|100%| E|CS|TAMS 0x0000000714b00000, 0x0000000714b00000| Complete 
| 306|0x0000000714c00000, 0x0000000714d00000, 0x0000000714d00000|100%| E|CS|TAMS 0x0000000714c00000, 0x0000000714c00000| Complete 
| 307|0x0000000714d00000, 0x0000000714e00000, 0x0000000714e00000|100%| E|CS|TAMS 0x0000000714d00000, 0x0000000714d00000| Complete 

Card table byte_map: [0x00000208f8920000,0x00000208f9120000] _byte_map_base: 0x00000208f5113000

Marking Bits (Prev, Next): (CMBitMap*) 0x00000208e0381710, (CMBitMap*) 0x00000208e03816d8
 Prev Bits: [0x0000020880000000, 0x0000020883f98000)
 Next Bits: [0x00000208f9920000, 0x00000208fd8b8000)

Polling page: 0x00000208e03e0000

Metaspace:

Usage:
  Non-class:     52.04 MB capacity,    51.30 MB ( 99%) used,   594.65 KB (  1%) free+waste,   167.63 KB ( <1%) overhead. 
      Class:      7.87 MB capacity,     7.40 MB ( 94%) used,   404.25 KB (  5%) free+waste,    76.00 KB ( <1%) overhead. 
       Both:     59.91 MB capacity,    58.70 MB ( 98%) used,   998.90 KB (  2%) free+waste,   243.63 KB ( <1%) overhead. 

Virtual space:
  Non-class space:       54.00 MB reserved,      52.17 MB ( 97%) committed 
      Class space:        1.00 GB reserved,       7.88 MB ( <1%) committed 
             Both:        1.05 GB reserved,      60.04 MB (  6%) committed 

Chunk freelists:
   Non-Class:  0 bytes
       Class:  640 bytes
        Both:  640 bytes

CodeHeap 'non-profiled nmethods': size=120000Kb used=3474Kb max_used=3474Kb free=116525Kb
 bounds [0x00000208f0180000, 0x00000208f04f0000, 0x00000208f76b0000]
CodeHeap 'profiled nmethods': size=120000Kb used=10944Kb max_used=10944Kb free=109055Kb
 bounds [0x00000208e8c50000, 0x00000208e9710000, 0x00000208f0180000]
CodeHeap 'non-nmethods': size=5760Kb used=1302Kb max_used=1386Kb free=4457Kb
 bounds [0x00000208e86b0000, 0x00000208e8920000, 0x00000208e8c50000]
 total_blobs=6414 nmethods=4675 adapters=492
 compilation: enabled
              stopped_count=0, restarted_count=0
 full_count=0

Compilation events (10 events):
Event: 6.523 Thread 0x0000020884d91800 4806       2       org.springframework.context.annotation.CommonAnnotationBeanPostProcessor$$Lambda$369/0x00000008003a2440::get$Lambda (11 bytes)
Event: 6.523 Thread 0x0000020884d91800 nmethod 4806 0x00000208e96ec810 code [0x00000208e96ec9c0, 0x00000208e96ecc98]
Event: 6.523 Thread 0x0000020884d91800 4807       2       org.springframework.context.annotation.CommonAnnotationBeanPostProcessor$$Lambda$369/0x00000008003a2440::<init> (20 bytes)
Event: 6.523 Thread 0x0000020884d91800 nmethod 4807 0x00000208e96ecd90 code [0x00000208e96ecf40, 0x00000208e96ed1b8]
Event: 6.523 Thread 0x0000020884d91800 4808       1       org.springframework.transaction.interceptor.BeanFactoryTransactionAttributeSourceAdvisor::getPointcut (5 bytes)
Event: 6.523 Thread 0x0000020884d91800 nmethod 4808 0x00000208f04e4510 code [0x00000208f04e46c0, 0x00000208f04e47d8]
Event: 6.527 Thread 0x0000020884d91800 4809       2       com.sun.org.apache.xalan.internal.utils.XMLSecurityManager$NameMap::getOldName (18 bytes)
Event: 6.527 Thread 0x0000020884d91800 nmethod 4809 0x00000208e96ed290 code [0x00000208e96ed440, 0x00000208e96ed610]
Event: 6.527 Thread 0x0000020884d91800 4810       2       com.fasterxml.jackson.databind.type.ClassKey::<init> (29 bytes)
Event: 6.527 Thread 0x0000020884d91800 nmethod 4810 0x00000208e96ed710 code [0x00000208e96ed8e0, 0x00000208e96edbe0]

GC Heap History (10 events):
Event: 1.374 GC heap before
{Heap before GC invocations=1 (full 0):
 garbage-first heap   total 262144K, used 57523K [0x0000000701a00000, 0x0000000800000000)
  region size 1024K, 54 young (55296K), 3 survivors (3072K)
 Metaspace       used 20673K, capacity 21151K, committed 21248K, reserved 1069056K
  class space    used 2366K, capacity 2546K, committed 2560K, reserved 1048576K
}
Event: 1.380 GC heap after
{Heap after GC invocations=2 (full 0):
 garbage-first heap   total 262144K, used 8486K [0x0000000701a00000, 0x0000000800000000)
  region size 1024K, 6 young (6144K), 6 survivors (6144K)
 Metaspace       used 20673K, capacity 21151K, committed 21248K, reserved 1069056K
  class space    used 2366K, capacity 2546K, committed 2560K, reserved 1048576K
}
Event: 1.650 GC heap before
{Heap before GC invocations=3 (full 0):
 garbage-first heap   total 262144K, used 66854K [0x0000000701a00000, 0x0000000800000000)
  region size 1024K, 64 young (65536K), 6 survivors (6144K)
 Metaspace       used 25975K, capacity 26532K, committed 26880K, reserved 1073152K
  class space    used 3006K, capacity 3235K, committed 3328K, reserved 1048576K
}
Event: 1.656 GC heap after
{Heap after GC invocations=4 (full 0):
 garbage-first heap   total 262144K, used 9412K [0x0000000701a00000, 0x0000000800000000)
  region size 1024K, 4 young (4096K), 4 survivors (4096K)
 Metaspace       used 25975K, capacity 26532K, committed 26880K, reserved 1073152K
  class space    used 3006K, capacity 3235K, committed 3328K, reserved 1048576K
}
Event: 3.218 GC heap before
{Heap before GC invocations=4 (full 0):
 garbage-first heap   total 262144K, used 92356K [0x0000000701a00000, 0x0000000800000000)
  region size 1024K, 87 young (89088K), 4 survivors (4096K)
 Metaspace       used 34640K, capacity 35496K, committed 35628K, reserved 1081344K
  class space    used 4103K, capacity 4453K, committed 4480K, reserved 1048576K
}
Event: 3.228 GC heap after
{Heap after GC invocations=5 (full 0):
 garbage-first heap   total 262144K, used 13201K [0x0000000701a00000, 0x0000000800000000)
  region size 1024K, 7 young (7168K), 7 survivors (7168K)
 Metaspace       used 34640K, capacity 35496K, committed 35628K, reserved 1081344K
  class space    used 4103K, capacity 4453K, committed 4480K, reserved 1048576K
}
Event: 5.731 GC heap before
{Heap before GC invocations=6 (full 0):
 garbage-first heap   total 262144K, used 161681K [0x0000000701a00000, 0x0000000800000000)
  region size 1024K, 153 young (156672K), 7 survivors (7168K)
 Metaspace       used 54904K, capacity 55995K, committed 56108K, reserved 1097728K
  class space    used 6871K, capacity 7262K, committed 7296K, reserved 1048576K
}
Event: 5.741 GC heap after
{Heap after GC invocations=7 (full 0):
 garbage-first heap   total 262144K, used 17981K [0x0000000701a00000, 0x0000000800000000)
  region size 1024K, 12 young (12288K), 12 survivors (12288K)
 Metaspace       used 54904K, capacity 55995K, committed 56108K, reserved 1097728K
  class space    used 6871K, capacity 7262K, committed 7296K, reserved 1048576K
}
Event: 6.114 GC heap before
{Heap before GC invocations=7 (full 0):
 garbage-first heap   total 262144K, used 39485K [0x0000000701a00000, 0x0000000800000000)
  region size 1024K, 34 young (34816K), 12 survivors (12288K)
 Metaspace       used 58452K, capacity 59584K, committed 59692K, reserved 1101824K
  class space    used 7324K, capacity 7756K, committed 7808K, reserved 1048576K
}
Event: 6.130 GC heap after
{Heap after GC invocations=8 (full 0):
 garbage-first heap   total 315392K, used 19597K [0x0000000701a00000, 0x0000000800000000)
  region size 1024K, 12 young (12288K), 12 survivors (12288K)
 Metaspace       used 58452K, capacity 59584K, committed 59692K, reserved 1101824K
  class space    used 7324K, capacity 7756K, committed 7808K, reserved 1048576K
}

Deoptimization events (10 events):
Event: 5.982 Thread 0x00000208e031a800 Uncommon trap: reason=class_check action=maybe_recompile pc=0x00000208f03dc418 method=org.springframework.beans.factory.support.AbstractBeanFactory.isTypeMatch(Ljava/lang/String;Lorg/springframework/core/ResolvableType;Z)Z @ 53 c2
Event: 6.096 Thread 0x00000208e031a800 Uncommon trap: reason=speculate_null_assert action=make_not_entrant pc=0x00000208f024133c method=org.springframework.util.ConcurrentReferenceHashMap$Segment.restructureIfNecessary(Z)V @ 41 c2
Event: 6.233 Thread 0x00000208e031a800 Uncommon trap: reason=unstable_if action=reinterpret pc=0x00000208f0303518 method=org.springframework.util.ConcurrentReferenceHashMap$Segment.findInChain(Lorg/springframework/util/ConcurrentReferenceHashMap$Reference;Ljava/lang/Object;I)Lorg/springframewo
Event: 6.289 Thread 0x00000208e031a800 Uncommon trap: reason=unstable_if action=reinterpret pc=0x00000208f02b70b4 method=java.util.LinkedList.node(I)Ljava/util/LinkedList$Node; @ 19 c2
Event: 6.303 Thread 0x00000208e031a800 Uncommon trap: reason=unstable_if action=reinterpret pc=0x00000208f037c7cc method=org.springframework.aop.framework.autoproxy.AbstractAutoProxyCreator.predictBeanType(Ljava/lang/Class;Ljava/lang/String;)Ljava/lang/Class; @ 9 c2
Event: 6.373 Thread 0x00000208e031a800 Uncommon trap: reason=class_check action=maybe_recompile pc=0x00000208f04356f0 method=java.lang.reflect.Method.equals(Ljava/lang/Object;)Z @ 5 c2
Event: 6.373 Thread 0x00000208e031a800 Uncommon trap: reason=class_check action=maybe_recompile pc=0x00000208f04356f0 method=java.lang.reflect.Method.equals(Ljava/lang/Object;)Z @ 5 c2
Event: 6.466 Thread 0x00000208e031a800 Uncommon trap: reason=unstable_if action=reinterpret pc=0x00000208f04d7620 method=org.springframework.beans.factory.support.AbstractBeanFactory.isTypeMatch(Ljava/lang/String;Lorg/springframework/core/ResolvableType;Z)Z @ 559 c2
Event: 6.512 Thread 0x00000208e031a800 Uncommon trap: reason=unstable_if action=reinterpret pc=0x00000208f0349638 method=java.util.concurrent.ConcurrentHashMap.putVal(Ljava/lang/Object;Ljava/lang/Object;Z)Ljava/lang/Object; @ 401 c2
Event: 6.514 Thread 0x00000208e031a800 Uncommon trap: reason=unstable_if action=reinterpret pc=0x00000208f03b1f34 method=java.util.concurrent.ConcurrentHashMap.get(Ljava/lang/Object;)Ljava/lang/Object; @ 86 c2

Classes redefined (0 events):
No events

Internal exceptions (10 events):
Event: 6.394 Thread 0x00000208e031a800 Exception <a 'java/lang/ClassNotFoundException'{0x0000000713f31cc0}: java/lang/ObjectCustomizer> (0x0000000713f31cc0) thrown at [t:/workspace/open/src/hotspot/share/classfile/systemDictionary.cpp, line 231]
Event: 6.396 Thread 0x00000208e031a800 Exception <a 'java/lang/ClassNotFoundException'{0x0000000713f425e8}: org/springframework/web/servlet/config/annotation/WebMvcConfigurationSupportCustomizer> (0x0000000713f425e8) thrown at [t:/workspace/open/src/hotspot/share/classfile/systemDictionary.cpp
Event: 6.399 Thread 0x00000208e031a800 Exception <a 'java/lang/ClassNotFoundException'{0x0000000713f5ddb8}: org/springframework/web/servlet/config/annotation/DelegatingWebMvcConfigurationCustomizer> (0x0000000713f5ddb8) thrown at [t:/workspace/open/src/hotspot/share/classfile/systemDictionary.
Event: 6.400 Thread 0x00000208e031a800 Exception <a 'java/lang/ClassNotFoundException'{0x0000000713f71a68}: org/springframework/boot/autoconfigure/web/servlet/WebMvcAutoConfiguration$EnableWebMvcConfigurationCustomizer> (0x0000000713f71a68) thrown at [t:/workspace/open/src/hotspot/share/classf
Event: 6.401 Thread 0x00000208e031a800 Exception <a 'java/lang/ClassNotFoundException'{0x0000000713f89b50}: org/springframework/context/ResourceLoaderAwareCustomizer> (0x0000000713f89b50) thrown at [t:/workspace/open/src/hotspot/share/classfile/systemDictionary.cpp, line 231]
Event: 6.402 Thread 0x00000208e031a800 Exception <a 'java/lang/ClassNotFoundException'{0x0000000713f946e0}: org/springframework/beans/factory/AwareCustomizer> (0x0000000713f946e0) thrown at [t:/workspace/open/src/hotspot/share/classfile/systemDictionary.cpp, line 231]
Event: 6.402 Thread 0x00000208e031a800 Exception <a 'java/lang/ClassNotFoundException'{0x0000000713f9f990}: org/springframework/context/ApplicationContextAwareCustomizer> (0x0000000713f9f990) thrown at [t:/workspace/open/src/hotspot/share/classfile/systemDictionary.cpp, line 231]
Event: 6.403 Thread 0x00000208e031a800 Exception <a 'java/lang/ClassNotFoundException'{0x0000000713faaeb0}: org/springframework/beans/factory/AwareCustomizer> (0x0000000713faaeb0) thrown at [t:/workspace/open/src/hotspot/share/classfile/systemDictionary.cpp, line 231]
Event: 6.403 Thread 0x00000208e031a800 Exception <a 'java/lang/ClassNotFoundException'{0x0000000713fb6138}: org/springframework/web/context/ServletContextAwareCustomizer> (0x0000000713fb6138) thrown at [t:/workspace/open/src/hotspot/share/classfile/systemDictionary.cpp, line 231]
Event: 6.404 Thread 0x00000208e031a800 Exception <a 'java/lang/ClassNotFoundException'{0x0000000713fc1130}: org/springframework/beans/factory/AwareCustomizer> (0x0000000713fc1130) thrown at [t:/workspace/open/src/hotspot/share/classfile/systemDictionary.cpp, line 231]

Events (10 events):
Event: 6.527 Thread 0x00000208e031a800 DEOPT PACKING pc=0x00000208e8e549d4 sp=0x000000e48d3fbe40
Event: 6.527 Thread 0x00000208e031a800 DEOPT UNPACKING pc=0x00000208e86ed6ce sp=0x000000e48d3fb318 mode 1
Event: 6.527 Thread 0x00000208e031a800 DEOPT PACKING pc=0x00000208e909bcc4 sp=0x000000e48d3fbee0
Event: 6.527 Thread 0x00000208e031a800 DEOPT UNPACKING pc=0x00000208e86ed6ce sp=0x000000e48d3fb478 mode 1
Event: 6.527 loading class org/joda/time$LocalDate
Event: 6.527 loading class org/joda/time$LocalDate done
Event: 6.528 Thread 0x00000208e031a800 DEOPT PACKING pc=0x00000208e954d3bc sp=0x000000e48d3fb440
Event: 6.528 Thread 0x00000208e031a800 DEOPT UNPACKING pc=0x00000208e86ed6ce sp=0x000000e48d3fa8f8 mode 1
Event: 6.528 Thread 0x00000208e031a800 DEOPT PACKING pc=0x00000208e8e549d4 sp=0x000000e48d3fbef0
Event: 6.528 Thread 0x00000208e031a800 DEOPT UNPACKING pc=0x00000208e86ed6ce sp=0x000000e48d3fb3e0 mode 1


Dynamic libraries:
0x00007ff73e7a0000 - 0x00007ff73e7e5000 	C:\Program Files\Java\jdk-11.0.1\bin\java.exe
0x00007ffbb8800000 - 0x00007ffbb89f0000 	C:\WINDOWS\SYSTEM32\ntdll.dll
0x00007ffbb8700000 - 0x00007ffbb87b2000 	C:\WINDOWS\System32\KERNEL32.DLL
0x00007ffbb5790000 - 0x00007ffbb5a33000 	C:\WINDOWS\System32\KERNELBASE.dll
0x00007ffbb7e10000 - 0x00007ffbb7fa4000 	C:\WINDOWS\System32\USER32.dll
0x00007ffbb6050000 - 0x00007ffbb6071000 	C:\WINDOWS\System32\win32u.dll
0x00007ffbb85a0000 - 0x00007ffbb85c6000 	C:\WINDOWS\System32\GDI32.dll
0x00007ffbb5e10000 - 0x00007ffbb5fa4000 	C:\WINDOWS\System32\gdi32full.dll
0x00007ffbb5fb0000 - 0x00007ffbb604e000 	C:\WINDOWS\System32\msvcp_win.dll
0x00007ffbb5a40000 - 0x00007ffbb5b3a000 	C:\WINDOWS\System32\ucrtbase.dll
0x00007ffb93300000 - 0x00007ffb93585000 	C:\WINDOWS\WinSxS\amd64_microsoft.windows.common-controls_6595b64144ccf1df_6.0.18362.535_none_e6c3b34713100821\COMCTL32.dll
0x00007ffbb8660000 - 0x00007ffbb86fe000 	C:\WINDOWS\System32\msvcrt.dll
0x00007ffbb6f80000 - 0x00007ffbb72b6000 	C:\WINDOWS\System32\combase.dll
0x00007ffbb7fb0000 - 0x00007ffbb80d0000 	C:\WINDOWS\System32\RPCRT4.dll
0x00007ffbb6830000 - 0x00007ffbb68b0000 	C:\WINDOWS\System32\bcryptPrimitives.dll
0x00007ffbb6f30000 - 0x00007ffbb6f5e000 	C:\WINDOWS\System32\IMM32.DLL
0x00007ffbb2100000 - 0x00007ffbb2116000 	C:\Program Files\Java\jdk-11.0.1\bin\vcruntime140.dll
0x00007ffba8970000 - 0x00007ffba8a1a000 	C:\Program Files\Java\jdk-11.0.1\bin\msvcp140.dll
0x00007ffb4b2a0000 - 0x00007ffb4bde1000 	C:\Program Files\Java\jdk-11.0.1\bin\server\jvm.dll
0x00007ffbb7d60000 - 0x00007ffbb7e03000 	C:\WINDOWS\System32\ADVAPI32.dll
0x00007ffbb7af0000 - 0x00007ffbb7b87000 	C:\WINDOWS\System32\sechost.dll
0x00007ffbb8650000 - 0x00007ffbb8658000 	C:\WINDOWS\System32\PSAPI.DLL
0x00007ffbb37a0000 - 0x00007ffbb37c4000 	C:\WINDOWS\SYSTEM32\WINMM.dll
0x00007ffbaf8e0000 - 0x00007ffbaf8ea000 	C:\WINDOWS\SYSTEM32\VERSION.dll
0x00007ffba0080000 - 0x00007ffba0089000 	C:\WINDOWS\SYSTEM32\WSOCK32.dll
0x00007ffbb7cf0000 - 0x00007ffbb7d5f000 	C:\WINDOWS\System32\WS2_32.dll
0x00007ffbb3770000 - 0x00007ffbb379d000 	C:\WINDOWS\SYSTEM32\winmmbase.dll
0x00007ffbb5b40000 - 0x00007ffbb5b8a000 	C:\WINDOWS\System32\cfgmgr32.dll
0x00007ffbb5700000 - 0x00007ffbb5711000 	C:\WINDOWS\System32\kernel.appcore.dll
0x00007ffbb20e0000 - 0x00007ffbb20f1000 	C:\Program Files\Java\jdk-11.0.1\bin\verify.dll
0x00007ffba1a10000 - 0x00007ffba1c04000 	C:\WINDOWS\SYSTEM32\DBGHELP.DLL
0x00007ffba1840000 - 0x00007ffba186a000 	C:\WINDOWS\SYSTEM32\dbgcore.DLL
0x00007ffbb20b0000 - 0x00007ffbb20d8000 	C:\Program Files\Java\jdk-11.0.1\bin\java.dll
0x00007ffb89a50000 - 0x00007ffb89a87000 	C:\Program Files\Java\jdk-11.0.1\bin\jdwp.dll
0x00007ffb899a0000 - 0x00007ffb899cf000 	C:\Program Files\Java\jdk-11.0.1\bin\instrument.dll
0x00007ffbb2070000 - 0x00007ffbb2086000 	C:\Program Files\Java\jdk-11.0.1\bin\zip.dll
0x00007ffbb20a0000 - 0x00007ffbb20aa000 	C:\Program Files\Java\jdk-11.0.1\bin\jimage.dll
0x00007ffbb7400000 - 0x00007ffbb7ae5000 	C:\WINDOWS\System32\SHELL32.dll
0x00007ffbb83c0000 - 0x00007ffbb8469000 	C:\WINDOWS\System32\shcore.dll
0x00007ffbb60b0000 - 0x00007ffbb682f000 	C:\WINDOWS\System32\windows.storage.dll
0x00007ffbb5720000 - 0x00007ffbb573f000 	C:\WINDOWS\System32\profapi.dll
0x00007ffbb5740000 - 0x00007ffbb578a000 	C:\WINDOWS\System32\powrprof.dll
0x00007ffbb56d0000 - 0x00007ffbb56e0000 	C:\WINDOWS\System32\UMPDC.dll
0x00007ffbb6a60000 - 0x00007ffbb6ab2000 	C:\WINDOWS\System32\shlwapi.dll
0x00007ffbb5df0000 - 0x00007ffbb5e07000 	C:\WINDOWS\System32\cryptsp.dll
0x00007ffb96df0000 - 0x00007ffb96dfa000 	C:\Program Files\Java\jdk-11.0.1\bin\dt_socket.dll
0x00007ffbb4e90000 - 0x00007ffbb4ef7000 	C:\WINDOWS\system32\mswsock.dll
0x00007ffbada20000 - 0x00007ffbada39000 	C:\Program Files\Java\jdk-11.0.1\bin\net.dll
0x00007ffbad830000 - 0x00007ffbad920000 	C:\WINDOWS\SYSTEM32\WINHTTP.dll
0x00007ffbada00000 - 0x00007ffbada13000 	C:\Program Files\Java\jdk-11.0.1\bin\nio.dll
0x00007ffbb2060000 - 0x00007ffbb2069000 	C:\Program Files\Java\jdk-11.0.1\bin\management.dll
0x00007ffba8960000 - 0x00007ffba896c000 	C:\Program Files\Java\jdk-11.0.1\bin\management_ext.dll
0x00007ffba9cd0000 - 0x00007ffba9ce6000 	C:\WINDOWS\system32\napinsp.dll
0x00007ffba9de0000 - 0x00007ffba9dfa000 	C:\WINDOWS\system32\pnrpnsp.dll
0x00007ffbb4bf0000 - 0x00007ffbb4cba000 	C:\WINDOWS\SYSTEM32\DNSAPI.dll
0x00007ffbb80d0000 - 0x00007ffbb80d8000 	C:\WINDOWS\System32\NSI.dll
0x00007ffbb4bb0000 - 0x00007ffbb4bea000 	C:\WINDOWS\SYSTEM32\IPHLPAPI.DLL
0x00007ffba9e00000 - 0x00007ffba9e0e000 	C:\WINDOWS\System32\winrnr.dll
0x00007ffbb2020000 - 0x00007ffbb203c000 	C:\WINDOWS\system32\NLAapi.dll
0x00007ffbb1540000 - 0x00007ffbb1555000 	C:\WINDOWS\system32\wshbth.dll
0x00007ffbaf140000 - 0x00007ffbaf14a000 	C:\Windows\System32\rasadhlp.dll
0x00007ffbb1190000 - 0x00007ffbb1207000 	C:\WINDOWS\System32\fwpuclnt.dll
0x00007ffbb6080000 - 0x00007ffbb60a6000 	C:\WINDOWS\System32\bcrypt.dll
0x00007ffbb4a10000 - 0x00007ffbb4a43000 	C:\WINDOWS\system32\rsaenh.dll
0x00007ffbb55f0000 - 0x00007ffbb5615000 	C:\WINDOWS\SYSTEM32\USERENV.dll
0x00007ffbb5010000 - 0x00007ffbb501c000 	C:\WINDOWS\SYSTEM32\CRYPTBASE.dll
0x00007ffbb0d50000 - 0x00007ffbb0d66000 	C:\WINDOWS\SYSTEM32\dhcpcsvc6.DLL
0x00007ffbb0ba0000 - 0x00007ffbb0bbc000 	C:\WINDOWS\SYSTEM32\dhcpcsvc.DLL

dbghelp: loaded successfully - version: 4.0.5 - missing functions: none
symbol engine: initialized successfully - sym options: 0x614 - pdb path: .;C:\Program Files\Java\jdk-11.0.1\bin;C:\WINDOWS\SYSTEM32;C:\WINDOWS\WinSxS\amd64_microsoft.windows.common-controls_6595b64144ccf1df_6.0.18362.535_none_e6c3b34713100821;C:\Program Files\Java\jdk-11.0.1\bin\server

VM Arguments:
jvm_args: -agentlib:jdwp=transport=dt_socket,address=127.0.0.1:59379,suspend=y,server=n -javaagent:D:\Users\Denner\.IdeaIC2019.3\system\captureAgent\debugger-agent.jar -Dfile.encoding=UTF-8 
java_command: br.com.incidentes.IncidentesApiJavaApplication
java_class_path (initial): D:\projetos\02-ESTUDOS\incidentes-api-java\target\classes;D:\sdk-java\mavenrepo\org\springframework\boot\spring-boot-starter-data-jpa\2.2.2.RELEASE\spring-boot-starter-data-jpa-2.2.2.RELEASE.jar;D:\sdk-java\mavenrepo\org\springframework\boot\spring-boot-starter-aop\2.2.2.RELEASE\spring-boot-starter-aop-2.2.2.RELEASE.jar;D:\sdk-java\mavenrepo\org\springframework\spring-aop\5.2.2.RELEASE\spring-aop-5.2.2.RELEASE.jar;D:\sdk-java\mavenrepo\org\aspectj\aspectjweaver\1.9.5\aspectjweaver-1.9.5.jar;D:\sdk-java\mavenrepo\org\springframework\boot\spring-boot-starter-jdbc\2.2.2.RELEASE\spring-boot-starter-jdbc-2.2.2.RELEASE.jar;D:\sdk-java\mavenrepo\com\zaxxer\HikariCP\3.4.1\HikariCP-3.4.1.jar;D:\sdk-java\mavenrepo\org\springframework\spring-jdbc\5.2.2.RELEASE\spring-jdbc-5.2.2.RELEASE.jar;D:\sdk-java\mavenrepo\jakarta\activation\jakarta.activation-api\1.2.1\jakarta.activation-api-1.2.1.jar;D:\sdk-java\mavenrepo\jakarta\persistence\jakarta.persistence-api\2.2.3\jakarta.persistence-api-2.2.3.jar;D:\sdk-java\mavenrepo\jakarta\transaction\jakarta.transaction-api\1.3.3\jakarta.transaction-api-1.3.3.jar;D:\sdk-java\mavenrepo\org\hibernate\hibernate-core\5.4.9.Final\hibernate-core-5.4.9.Final.jar;D:\sdk-java\mavenrepo\org\javassist\javassist\3.24.0-GA\javassist-3.24.0-GA.jar;D:\sdk-java\mavenrepo\net\bytebuddy\byte-buddy\1.10.4\byte-buddy-1.10.4.jar;D:\sdk-java\mavenrepo\antlr\antlr\2.7.7\antlr-2.7.7.jar;D:\sdk-java\mavenrepo\org\jboss\jandex\2.1.1.Final\jandex-2.1.1.Final.jar;D:\sdk-java\mavenrepo\com\fasterxml\classmate\1.5.1\classmate-1.5.1.jar;D:\sdk-java\mavenrepo\org\dom4j\dom4j\2.1.1\dom4j-2.1.1.jar;D:\sdk-java\mavenrepo\org\hibernate\common\hibernate-commons-annotations\5.1.0.Final\hibernate-commons-annotations-5.1.0.Final.jar;D:\sdk-java\mavenrepo\org\glassfish\jaxb\jaxb-runtime\2.3.2\jaxb-runtime-2.3.2.jar;D:\sdk-java\mavenrepo\org\glassfish\jaxb\txw2\2.3.2\txw2-2.3.2.jar;D:\sdk-java\mavenrepo\com\sun\istack\istack-commons-runtime\3.0.8\istack-
Launcher Type: SUN_STANDARD

[Global flags]
     intx CICompilerCount                          = 4                                         {product} {ergonomic}
     uint ConcGCThreads                            = 2                                         {product} {ergonomic}
     uint G1ConcRefinementThreads                  = 8                                         {product} {ergonomic}
   size_t G1HeapRegionSize                         = 1048576                                   {product} {ergonomic}
    uintx GCDrainStackTargetSize                   = 64                                        {product} {ergonomic}
   size_t InitialHeapSize                          = 268435456                                 {product} {ergonomic}
   size_t MarkStackSize                            = 4194304                                   {product} {ergonomic}
   size_t MaxHeapSize                              = 4267704320                                {product} {ergonomic}
   size_t MaxNewSize                               = 2560622592                                {product} {ergonomic}
   size_t MinHeapDeltaBytes                        = 1048576                                   {product} {ergonomic}
    uintx NonNMethodCodeHeapSize                   = 5835340                                {pd product} {ergonomic}
    uintx NonProfiledCodeHeapSize                  = 122911450                              {pd product} {ergonomic}
    uintx ProfiledCodeHeapSize                     = 122911450                              {pd product} {ergonomic}
    uintx ReservedCodeCacheSize                    = 251658240                              {pd product} {ergonomic}
     bool SegmentedCodeCache                       = true                                      {product} {ergonomic}
     bool UseCompressedClassPointers               = true                                 {lp64_product} {ergonomic}
     bool UseCompressedOops                        = true                                 {lp64_product} {ergonomic}
     bool UseG1GC                                  = true                                      {product} {ergonomic}
     bool UseLargePagesIndividualAllocation        = false                                  {pd product} {ergonomic}

Logging:
Log output configuration:
 #0: stdout all=warning uptime,level,tags
 #1: stderr all=off uptime,level,tags

Environment Variables:
JAVA_HOME=C:\Program Files\Java\jdk-11.0.1
JRE_HOME=C:\Program Files (x86)\Java\jre7
CLASSPATH=.;C:\PROGRA~1\IBM\SQLLIB\java\db2java.zip;C:\PROGRA~1\IBM\SQLLIB\java\db2jcc.jar;C:\PROGRA~1\IBM\SQLLIB\java\sqlj.zip;C:\PROGRA~1\IBM\SQLLIB\java\DB2JCC~1.JAR;C:\PROGRA~1\IBM\SQLLIB\BIN;C:\PROGRA~1\IBM\SQLLIB\java\Common.jar;
PATH=C:\Python27\;C:\Python27\Scripts;C:\Program Files\nodejs\;D:\projetos\01-STJ\sonar-scanner\bin;C:\ProgramData\DockerDesktop\version-bin;C:\Program Files\Docker\Docker\Resources\bin;C:\Program Files (x86)\Common Files\Oracle\Java\javapath;C:\Program Files\Docker\Docker\resources\bin;C:\Program Files (x86)\Intel\iCLS Client\;C:\Program Files\Intel\iCLS Client\;C:\Program Files\Java\jdk-11.0.1\bin;C:\Windows\System32;C:\Windows;C:\Windows\System32\wbem;C:\Windows\System32\WindowsPowerShell\v1.0\;C:\Windows\System32\OpenSSH\;C:\Program Files (x86)\Intel\Intel(R) Management Engine Components\DAL;C:\Program Files\Intel\Intel(R) Management Engine Components\DAL;C:\Program Files (x86)\Intel\Intel(R) Management Engine Components\IPT;C:\Program Files\Intel\Intel(R) Management Engine Components\IPT;S:\Public\dll;C:\PROGRA~1\IBM\SQLLIB\BIN;C:\PROGRA~1\IBM\SQLLIB\FUNCTION;"C:\Program Files (x86)\Java\jre7\bin;C:\Program Files (x86)\Java\jre7\bin\client";D:\sdk-java\apache-maven\bin;D:\Users\Denner\AppData\Local\Programs\Git\bin;D:\Users\Denner\AppData\Local\Programs\Git\usr\bin;C:\Users\Denner\AppData\Local\Programs\Git\usr\bin;C:\Users\Denner\AppData\Local\Programs\Git\cmd;C:\Users\Denner\AppData\Roaming\npm;C:\Program Files (x86)\Yarn\bin\;C:\Program Files\TortoiseSVN\bin;C:\Program Files\Intel\WiFi\bin\;C:\Program Files\Common Files\Intel\WirelessCommon\;C:\WINDOWS\system32;C:\WINDOWS;C:\WINDOWS\System32\Wbem;C:\WINDOWS\System32\WindowsPowerShell\v1.0\;C:\WINDOWS\System32\OpenSSH\;C:\Program Files\TortoiseGit\bin;D:\Users\Denner\AppData\Local\Android\Sdk\platform-tools;D:\Users\Denner\AppData\Local\Android\Sdk\tools;D:\Users\Denner\AppData\Local\Android\Sdk\tools\bin;D:\Users\Denner\AppData\Local\Android\Sdk\emulator;D:\gradle\bin;C:\Program Files\MySQL\MySQL Server 8.0\bin;D:\Users\Denner\AppData\Local\Microsoft\WindowsApps;D:\Users\Denner\AppData\Local\Programs\Microsoft VS Code\bin;D:\Users\Denner\AppData\Local\Yarn\bin;D:\Users\Denner\AppData\Local\hyper\app-3.0.2\resou
USERNAME=denner
OS=Windows_NT
PROCESSOR_IDENTIFIER=Intel64 Family 6 Model 158 Stepping 9, GenuineIntel



---------------  S Y S T E M  ---------------

OS: Windows 10 , 64 bit Build 18362 (10.0.18362.329)

CPU:total 8 (initial active 8) (4 cores per cpu, 2 threads per core) family 6 model 158 stepping 9, cmov, cx8, fxsr, mmx, sse, sse2, sse3, ssse3, sse4.1, sse4.2, popcnt, avx, avx2, aes, clmul, erms, rtm, 3dnowpref, lzcnt, ht, tsc, tscinvbit, bmi1, bmi2, adx, fma

Memory: 4k page, system-wide physical 16272M (584M free)
TotalPageFile size 34961M (AvailPageFile size 3M)
current process WorkingSet (physical memory assigned to process): 463M, peak: 466M
current process commit charge ("private bytes"): 618M, peak: 625M

vm_info: OpenJDK 64-Bit Server VM (11.0.1+13) for windows-amd64 JRE (11.0.1+13), built on Oct  6 2018 13:18:13 by "mach5one" with MS VC++ 15.5 (VS2017)

END.
